proguard/seeds.txt
com.pratik.ulocator.About
com.pratik.ulocator.About: About()
com.pratik.ulocator.TrackLogic
com.pratik.ulocator.TrackLogic: TrackLogic()
com.pratik.ulocator.contacts
com.pratik.ulocator.contacts: contacts()
...
com.actionbarsherlock.internal.widget.IcsColorDrawable
com.actionbarsherlock.internal.widget.IcsColorDrawable: int color
com.actionbarsherlock.internal.widget.IcsColorDrawable: android.graphics.Paint paint
com.actionbarsherlock.internal.widget.IcsColorDrawable: IcsColorDrawable(android.graphics.drawable.ColorDrawable)
com.actionbarsherlock.internal.widget.IcsColorDrawable: IcsColorDrawable(int)
com.actionbarsherlock.internal.widget.IcsColorDrawable: void draw(android.graphics.Canvas)
com.actionbarsherlock.internal.widget.IcsColorDrawable: void setAlpha(int)
com.actionbarsherlock.internal.widget.IcsColorDrawable: void setColorFilter(android.graphics.ColorFilter)
com.actionbarsherlock.internal.widget.IcsColorDrawable: int getOpacity()
com.actionbarsherlock.internal.widget.IcsLinearLayout
com.actionbarsherlock.internal.widget.IcsLinearLayout: int[] R_styleable_LinearLayout
com.actionbarsherlock.internal.widget.IcsLinearLayout: int LinearLayout_divider
com.actionbarsherlock.internal.widget.IcsLinearLayout: int LinearLayout_showDividers
com.actionbarsherlock.internal.widget.IcsLinearLayout: int LinearLayout_dividerPadding
com.actionbarsherlock.internal.widget.IcsLinearLayout: int SHOW_DIVIDER_NONE
com.actionbarsherlock.internal.widget.IcsLinearLayout: int SHOW_DIVIDER_BEGINNING
com.actionbarsherlock.internal.widget.IcsLinearLayout: int SHOW_DIVIDER_MIDDLE
com.actionbarsherlock.internal.widget.IcsLinearLayout: int SHOW_DIVIDER_END
com.actionbarsherlock.internal.widget.IcsLinearLayout: android.graphics.drawable.Drawable mDivider
com.actionbarsherlock.internal.widget.IcsLinearLayout: int mDividerWidth
com.actionbarsherlock.internal.widget.IcsLinearLayout: int mDividerHeight
com.actionbarsherlock.internal.widget.IcsLinearLayout: int mShowDividers
com.actionbarsherlock.internal.widget.IcsLinearLayout: int mDividerPadding
com.actionbarsherlock.internal.widget.IcsLinearLayout: void <clinit>()
com.actionbarsherlock.internal.widget.IcsLinearLayout: IcsLinearLayout(android.content.Context,android.util.AttributeSet)
com.actionbarsherlock.internal.widget.IcsLinearLayout: void setShowDividers(int)
com.actionbarsherlock.internal.widget.IcsLinearLayout: int getShowDividers()
com.actionbarsherlock.internal.widget.IcsListPopupWindow
com.actionbarsherlock.internal.widget.IcsListPopupWindow: int EXPAND_LIST_TIMEOUT
com.actionbarsherlock.internal.widget.IcsListPopupWindow: android.content.Context mContext
com.actionbarsherlock.internal.widget.IcsListPopupWindow: android.widget.PopupWindow mPopup
com.actionbarsherlock.internal.widget.IcsListPopupWindow: android.widget.ListAdapter mAdapter
com.actionbarsherlock.internal.widget.IcsListPopupWindow: com.actionbarsherlock.internal.widget.IcsListPopupWindow$DropDownListView mDropDownList
com.actionbarsherlock.internal.widget.IcsListPopupWindow: int mDropDownHeight
com.actionbarsherlock.internal.widget.IcsListPopupWindow: int mDropDownWidth
com.actionbarsherlock.internal.widget.IcsListPopupWindow: int mDropDownHorizontalOffset
com.actionbarsherlock.internal.widget.IcsListPopupWindow: int mDropDownVerticalOffset
com.actionbarsherlock.internal.widget.IcsListPopupWindow: boolean mDropDownVerticalOffsetSet
com.actionbarsherlock.internal.widget.IcsListPopupWindow: int mListItemExpandMaximum
com.actionbarsherlock.internal.widget.IcsListPopupWindow: android.view.View mPromptView
com.actionbarsherlock.internal.widget.IcsListPopupWindow: int mPromptPosition
com.actionbarsherlock.internal.widget.IcsListPopupWindow: android.database.DataSetObserver mObserver
com.actionbarsherlock.internal.widget.IcsListPopupWindow: android.view.View mDropDownAnchorView