proguard/mapping.txt
com.pratik.ulocator.About -> com.pratik.ulocator.About:
    android.webkit.WebView webView -> a
    17:27:void onCreate(android.os.Bundle) -> onCreate
com.pratik.ulocator.TrackLogic -> com.pratik.ulocator.TrackLogic:
    android.content.SharedPreferences mPreferences -> i
    android.content.SharedPreferences prefs -> j
    java.lang.String result -> k
    java.lang.String number -> l
    java.lang.String contact_name -> m
    android.widget.Button AddNumber -> n
    android.widget.TextView numberList -> o
    android.location.LocationManager locationManager -> p
    java.lang.String strZipcode -> a
    java.lang.String strAddressLine -> b
    java.lang.String strLocality -> c
    java.lang.String strAdminArea -> d
    java.util.ArrayList phone1 -> e
    android.location.Location locationGPS -> f
    java.lang.String text -> g
    android.widget.TextView help -> h
    68:103:void onCreate(android.os.Bundle) -> onCreate
    107:109:boolean onCreateOptionsMenu(com.actionbarsherlock.view.Menu) -> onCreateOptionsMenu
    116:158:boolean onOptionsItemSelected(com.actionbarsherlock.view.MenuItem) -> onOptionsItemSelected
    165:168:void onPause() -> onPause
    172:178:void onResume() -> onResume
    183:186:void onClick(android.view.View) -> onClick
    386:414:void sendmessage() -> a
    419:419:void onLocationChanged(android.location.Location) -> onLocationChanged
    425:425:void onProviderDisabled(java.lang.String) -> onProviderDisabled
    431:431:void onProviderEnabled(java.lang.String) -> onProviderEnabled
    437:437:void onStatusChanged(java.lang.String,int,android.os.Bundle) -> onStatusChanged
com.pratik.ulocator.TrackLogic$1 -> com.pratik.ulocator.a:
    com.pratik.ulocator.TrackLogic this$0 -> a
    79:81:void onClick(android.view.View) -> onClick
com.pratik.ulocator.TrackLogic$MyClass -> com.pratik.ulocator.b:
    com.pratik.ulocator.TrackLogic this$0 -> a
    197:372:java.lang.String doInBackground$4af589aa() -> a
    1:1:void onPostExecute(java.lang.Object) -> onPostExecute
    1:1:java.lang.Object doInBackground(java.lang.Object[]) -> doInBackground
com.pratik.ulocator.contacts -> com.pratik.ulocator.contacts:
    com.pratik.ulocator.contacts$MyAdapter myAdapter -> a
    android.widget.Button doneButton -> b
    java.lang.String phoneNumber -> c
    android.widget.ListView listView -> d
    android.content.SharedPreferences prefs -> e
    java.util.ArrayList searchResults -> f
    java.util.List contactName -> g
    java.util.List contactNumber -> h
    java.lang.String mSections -> i
    66:144:void onCreate(android.os.Bundle) -> onCreate
    148:150:boolean onCreateOptionsMenu(com.actionbarsherlock.view.Menu) -> onCreateOptionsMenu
    157:197:boolean onOptionsItemSelected(com.actionbarsherlock.view.MenuItem) -> onOptionsItemSelected
    212:213:void onItemClick(android.widget.AdapterView,android.view.View,int,long) -> onItemClick
    217:236:void getAllContacts(android.content.ContentResolver) -> a
    58:58:java.util.List access$0(com.pratik.ulocator.contacts) -> a
    59:59:java.util.List access$1(com.pratik.ulocator.contacts) -> b
    51:51:com.pratik.ulocator.contacts$MyAdapter access$2(com.pratik.ulocator.contacts) -> c
    53:53:void access$3(com.pratik.ulocator.contacts,java.lang.String) -> a
    56:56:void access$4(com.pratik.ulocator.contacts,android.content.SharedPreferences) -> a
    56:56:android.content.SharedPreferences access$5(com.pratik.ulocator.contacts) -> d
    53:53:java.lang.String access$6(com.pratik.ulocator.contacts) -> e
com.pratik.ulocator.contacts$1 -> com.pratik.ulocator.c:
    com.pratik.ulocator.contacts this$0 -> a
    88:141:void onClick(android.view.View) -> onClick
...
com.actionbarsherlock.internal.nineoldandroids.animation.FloatKeyframeSet -> com.actionbarsherlock.internal.nineoldandroids.animation.FloatKeyframeSet:
    float firstValue -> firstValue
    float lastValue -> lastValue
    float deltaValue -> deltaValue
    boolean firstTime -> firstTime
    47:47:java.lang.Object getValue(float) -> getValue
    52:59:com.actionbarsherlock.internal.nineoldandroids.animation.FloatKeyframeSet clone() -> clone
    63:132:float getFloatValue(float) -> getFloatValue
    1:1:com.actionbarsherlock.internal.nineoldandroids.animation.KeyframeSet clone() -> clone
com.actionbarsherlock.internal.nineoldandroids.animation.IntEvaluator -> com.actionbarsherlock.internal.nineoldandroids.animation.IntEvaluator:
    39:40:java.lang.Integer evaluate(float,java.lang.Integer,java.lang.Integer) -> evaluate
    1:1:java.lang.Object evaluate(float,java.lang.Object,java.lang.Object) -> evaluate
com.actionbarsherlock.internal.nineoldandroids.animation.IntKeyframeSet -> com.actionbarsherlock.internal.nineoldandroids.animation.IntKeyframeSet:
    int firstValue -> firstValue
    int lastValue -> lastValue
    int deltaValue -> deltaValue
    boolean firstTime -> firstTime
    47:47:java.lang.Object getValue(float) -> getValue
    52:59:com.actionbarsherlock.internal.nineoldandroids.animation.IntKeyframeSet clone() -> clone
    63:131:int getIntValue(float) -> getIntValue
    1:1:com.actionbarsherlock.internal.nineoldandroids.animation.KeyframeSet clone() -> clone
com.actionbarsherlock.internal.nineoldandroids.animation.Keyframe -> com.actionbarsherlock.internal.nineoldandroids.animation.Keyframe:
    float mFraction -> mFraction
    java.lang.Class mValueType -> mValueType
    android.view.animation.Interpolator mInterpolator -> mInterpolator
    boolean mHasValue -> mHasValue
    77:77:com.actionbarsherlock.internal.nineoldandroids.animation.Keyframe ofInt(float,int) -> ofInt
    93:93:com.actionbarsherlock.internal.nineoldandroids.animation.Keyframe ofInt(float) -> ofInt
    109:109:com.actionbarsherlock.internal.nineoldandroids.animation.Keyframe ofFloat(float,float) -> ofFloat
    125:125:com.actionbarsherlock.internal.nineoldandroids.animation.Keyframe ofFloat(float) -> ofFloat
    141:141:com.actionbarsherlock.internal.nineoldandroids.animation.Keyframe ofObject(float,java.lang.Object) -> ofObject
    157:157:com.actionbarsherlock.internal.nineoldandroids.animation.Keyframe ofObject(float) -> ofObject
    168:168:boolean hasValue() -> hasValue
    java.lang.Object getValue() -> getValue
    void setValue(java.lang.Object) -> setValue
    192:192:float getFraction() -> getFraction
    202:203:void setFraction(float) -> setFraction
    212:212:android.view.animation.Interpolator getInterpolator() -> getInterpolator
    222:223:void setInterpolator(android.view.animation.Interpolator) -> setInterpolator
    233:233:java.lang.Class getType() -> getType
com.actionbarsherlock.internal.nineoldandroids.animation.Keyframe$FloatKeyframe -> com.actionbarsherlock.internal.nineoldandroids.animation.Keyframe$FloatKeyframe:
    float mValue -> mValue
    340:340:float getFloatValue() -> getFloatValue
    344:344:java.lang.Object getValue() -> getValue
    348:352:void setValue(java.lang.Object) -> setValue
    356:358:com.actionbarsherlock.internal.nineoldandroids.animation.Keyframe$FloatKeyframe clone() -> clone
    1:1:com.actionbarsherlock.internal.nineoldandroids.animation.Keyframe clone() -> clone
com.actionbarsherlock.internal.nineoldandroids.animation.Keyframe$IntKeyframe -> com.actionbarsherlock.internal.nineoldandroids.animation.Keyframe$IntKeyframe:
    int mValue -> mValue
    296:296:int getIntValue() -> getIntValue
    300:300:java.lang.Object getValue() -> getValue
    304:308:void setValue(java.lang.Object) -> setValue
    312:314:com.actionbarsherlock.internal.nineoldandroids.animation.Keyframe$IntKeyframe clone() -> clone
    1:1:com.actionbarsherlock.internal.nineoldandroids.animation.Keyframe clone() -> clone