proguard/usage.txt
com.pratik.ulocator.BuildConfig
com.pratik.ulocator.R
com.pratik.ulocator.R$attr
com.pratik.ulocator.R$bool
com.pratik.ulocator.R$color
com.pratik.ulocator.R$dimen
com.pratik.ulocator.R$drawable
com.pratik.ulocator.R$id
com.pratik.ulocator.R$integer
com.pratik.ulocator.R$layout
com.pratik.ulocator.R$menu
com.pratik.ulocator.R$string
com.pratik.ulocator.R$style
com.pratik.ulocator.R$styleable
com.pratik.ulocator.TrackLogic:
    private static final java.lang.String TAG
    private android.location.Address address
    android.location.LocationListener locationListener
    190:190:public void sendLocations()
com.pratik.ulocator.contacts:
    static final java.lang.String TAG
    private android.content.Context context
    203:203:public int getSectionForPosition(int)
    207:207:public java.lang.Object[] getSections()
com.pratik.ulocator.contacts$MyAdapter:
    android.widget.TextView contactView
    256:259:contacts$MyAdapter(com.pratik.ulocator.contacts,android.content.Context,java.util.ArrayList)
com.pratik.ulocator.contacts$SectionIndexingArrayAdapter
...
android.support.v4.accessibilityservice.AccessibilityServiceInfoCompatIcs
android.support.v4.content.AsyncTaskLoader
android.support.v4.content.AsyncTaskLoader$LoadTask
android.support.v4.content.CursorLoader
android.support.v4.content.IntentCompat
android.support.v4.content.Loader:
    android.content.Context mContext
    90:92:public Loader(android.content.Context)
    102:105:public void deliverResult(java.lang.Object)
    111:111:public android.content.Context getContext()
    118:118:public int getId()
    157:157:public boolean isStarted()
    166:166:public boolean isAbandoned()
    175:175:public boolean isReset()
    217:218:public void forceLoad()
    225:225:protected void onForceLoad()
    312:314:public boolean takeContentChanged()
    326:334:public void onContentChanged()
android.support.v4.content.Loader$ForceLoadContentObserver
android.support.v4.content.Loader$OnLoadCompleteListener:
    public abstract void onLoadComplete(android.support.v4.content.Loader,java.lang.Object)
android.support.v4.content.LocalBroadcastManager
android.support.v4.content.LocalBroadcastManager$1
android.support.v4.content.LocalBroadcastManager$BroadcastRecord
android.support.v4.content.LocalBroadcastManager$ReceiverRecord
android.support.v4.content.ModernAsyncTask
android.support.v4.content.ModernAsyncTask$1
android.support.v4.content.ModernAsyncTask$2
android.support.v4.content.ModernAsyncTask$3
android.support.v4.content.ModernAsyncTask$4
android.support.v4.content.ModernAsyncTask$AsyncTaskResult
android.support.v4.content.ModernAsyncTask$InternalHandler
android.support.v4.content.ModernAsyncTask$Status
android.support.v4.content.ModernAsyncTask$WorkerRunnable
android.support.v4.content.pm.ActivityInfoCompat
android.support.v4.database.DatabaseUtilsCompat
android.support.v4.os.ParcelableCompat:
    26:42:public ParcelableCompat()
android.support.v4.os.ParcelableCompatCreatorHoneycombMR2Stub:
    22:22:ParcelableCompatCreatorHoneycombMR2Stub()
android.support.v4.util.DebugUtils:
    25:25:public DebugUtils()
android.support.v4.util.LruCache
android.support.v4.util.TimeUtils
android.support.v4.view.AccessibilityDelegateCompat
android.support.v4.view.AccessibilityDelegateCompat$AccessibilityDelegateIcsImpl
android.support.v4.view.AccessibilityDelegateCompat$AccessibilityDelegateIcsImpl$1
android.support.v4.view.AccessibilityDelegateCompat$AccessibilityDelegateImpl
android.support.v4.view.AccessibilityDelegateCompat$AccessibilityDelegateStubImpl
android.support.v4.view.AccessibilityDelegateCompatIcs
android.support.v4.view.AccessibilityDelegateCompatIcs$1
android.support.v4.view.AccessibilityDelegateCompatIcs$AccessibilityDelegateBridge
android.support.v4.view.KeyEventCompat:
    25:95:public KeyEventCompat()
    127:127:public static int normalizeMetaState(int)
    131:131:public static boolean metaStateHasModifiers(int,int)
    135:135:public static boolean metaStateHasNoModifiers(int)
android.support.v4.view.KeyEventCompat$BaseKeyEventVersionImpl:
    private static final int META_MODIFIER_MASK
    private static final int META_ALL_MASK
android.support.v4.view.KeyEventCompat$HoneycombKeyEventVersionImpl:
    98:98:public int normalizeMetaState(int)
android.support.v4.view.KeyEventCompat$KeyEventVersionImpl:
    public abstract int normalizeMetaState(int)
android.support.v4.view.KeyEventCompatHoneycomb:
    24:24:KeyEventCompatHoneycomb()
    26:26:public static int normalizeMetaState(int)
android.support.v4.view.MenuCompat
android.support.v4.view.MenuCompat$BaseMenuVersionImpl
android.support.v4.view.MenuCompat$HoneycombMenuVersionImpl
android.support.v4.view.MenuCompat$MenuVersionImpl
android.support.v4.view.MenuItemCompat
android.support.v4.view.MenuItemCompat$BaseMenuVersionImpl
android.support.v4.view.MenuItemCompat$HoneycombMenuVersionImpl
android.support.v4.view.MenuItemCompat$MenuVersionImpl
android.support.v4.view.MenuItemCompatHoneycomb